<?xml version="1.0" encoding="UTF-8"?>
<testsuite xmlns:xsi="http://www.w3.org/2001/XMLSchema-instance" xsi:noNamespaceSchemaLocation="https://maven.apache.org/surefire/maven-surefire-plugin/xsd/surefire-test-report-3.0.xsd" version="3.0" name="unit.NavyTest" time="0.794" tests="30" errors="0" skipped="0" failures="0">
  <properties>
    <property name="java.specification.version" value="15"/>
    <property name="sun.cpu.isalist" value="amd64"/>
    <property name="sun.jnu.encoding" value="Cp1251"/>
    <property name="java.class.path" value="C:\Users\Xiaomi\IdeaProjects\Laba1_Java\target\test-classes;C:\Users\Xiaomi\IdeaProjects\Laba1_Java\target\classes;C:\Users\Xiaomi\.m2\repository\org\apache\commons\commons-lang3\3.3.2\commons-lang3-3.3.2.jar;C:\Users\Xiaomi\.m2\repository\org\junit\jupiter\junit-jupiter-api\5.7.0\junit-jupiter-api-5.7.0.jar;C:\Users\Xiaomi\.m2\repository\org\apiguardian\apiguardian-api\1.1.0\apiguardian-api-1.1.0.jar;C:\Users\Xiaomi\.m2\repository\org\opentest4j\opentest4j\1.2.0\opentest4j-1.2.0.jar;C:\Users\Xiaomi\.m2\repository\org\junit\platform\junit-platform-commons\1.7.0\junit-platform-commons-1.7.0.jar;C:\Users\Xiaomi\.m2\repository\org\glassfish\jersey\containers\jersey-container-servlet\3.0.0\jersey-container-servlet-3.0.0.jar;C:\Users\Xiaomi\.m2\repository\org\glassfish\jersey\containers\jersey-container-servlet-core\3.0.0\jersey-container-servlet-core-3.0.0.jar;C:\Users\Xiaomi\.m2\repository\jakarta\inject\jakarta.inject-api\2.0.0\jakarta.inject-api-2.0.0.jar;C:\Users\Xiaomi\.m2\repository\org\glassfish\jersey\core\jersey-common\3.0.0\jersey-common-3.0.0.jar;C:\Users\Xiaomi\.m2\repository\jakarta\annotation\jakarta.annotation-api\2.0.0\jakarta.annotation-api-2.0.0.jar;C:\Users\Xiaomi\.m2\repository\com\sun\activation\jakarta.activation\2.0.0\jakarta.activation-2.0.0.jar;C:\Users\Xiaomi\.m2\repository\org\glassfish\hk2\osgi-resource-locator\1.0.3\osgi-resource-locator-1.0.3.jar;C:\Users\Xiaomi\.m2\repository\org\glassfish\jersey\core\jersey-server\3.0.0\jersey-server-3.0.0.jar;C:\Users\Xiaomi\.m2\repository\org\glassfish\jersey\core\jersey-client\3.0.0\jersey-client-3.0.0.jar;C:\Users\Xiaomi\.m2\repository\org\glassfish\jersey\media\jersey-media-jaxb\3.0.0\jersey-media-jaxb-3.0.0.jar;C:\Users\Xiaomi\.m2\repository\jakarta\validation\jakarta.validation-api\3.0.0\jakarta.validation-api-3.0.0.jar;C:\Users\Xiaomi\.m2\repository\jakarta\xml\bind\jakarta.xml.bind-api\3.0.0\jakarta.xml.bind-api-3.0.0.jar;C:\Users\Xiaomi\.m2\repository\jakarta\ws\rs\jakarta.ws.rs-api\3.0.0\jakarta.ws.rs-api-3.0.0.jar;C:\Users\Xiaomi\.m2\repository\org\glassfish\jersey\inject\jersey-hk2\3.0.0\jersey-hk2-3.0.0.jar;C:\Users\Xiaomi\.m2\repository\org\glassfish\hk2\hk2-locator\3.0.0-RC1\hk2-locator-3.0.0-RC1.jar;C:\Users\Xiaomi\.m2\repository\org\glassfish\hk2\external\aopalliance-repackaged\3.0.0-RC1\aopalliance-repackaged-3.0.0-RC1.jar;C:\Users\Xiaomi\.m2\repository\org\glassfish\hk2\hk2-api\3.0.0-RC1\hk2-api-3.0.0-RC1.jar;C:\Users\Xiaomi\.m2\repository\org\glassfish\hk2\hk2-utils\3.0.0-RC1\hk2-utils-3.0.0-RC1.jar;C:\Users\Xiaomi\.m2\repository\org\javassist\javassist\3.25.0-GA\javassist-3.25.0-GA.jar;C:\Users\Xiaomi\.m2\repository\org\mockito\mockito-core\3.6.28\mockito-core-3.6.28.jar;C:\Users\Xiaomi\.m2\repository\net\bytebuddy\byte-buddy\1.10.18\byte-buddy-1.10.18.jar;C:\Users\Xiaomi\.m2\repository\net\bytebuddy\byte-buddy-agent\1.10.18\byte-buddy-agent-1.10.18.jar;C:\Users\Xiaomi\.m2\repository\org\objenesis\objenesis\3.1\objenesis-3.1.jar;"/>
    <property name="java.vm.vendor" value="Oracle Corporation"/>
    <property name="sun.arch.data.model" value="64"/>
    <property name="user.variant" value=""/>
    <property name="java.vendor.url" value="https://java.oracle.com/"/>
    <property name="user.timezone" value="Europe/Kiev"/>
    <property name="os.name" value="Windows 10"/>
    <property name="java.vm.specification.version" value="15"/>
    <property name="sun.java.launcher" value="SUN_STANDARD"/>
    <property name="user.country" value="RU"/>
    <property name="sun.boot.library.path" value="C:\Users\Xiaomi\.jdks\openjdk-15\bin"/>
    <property name="sun.java.command" value="C:\Users\Xiaomi\AppData\Local\Temp\surefire1513750871851540681\surefirebooter7593289414404117597.jar C:\Users\Xiaomi\AppData\Local\Temp\surefire1513750871851540681 2020-12-23T16-56-04_740-jvmRun1 surefire11213899273484169441tmp surefire_07368166023065256877tmp"/>
    <property name="jdk.debug" value="release"/>
    <property name="surefire.test.class.path" value="C:\Users\Xiaomi\IdeaProjects\Laba1_Java\target\test-classes;C:\Users\Xiaomi\IdeaProjects\Laba1_Java\target\classes;C:\Users\Xiaomi\.m2\repository\org\apache\commons\commons-lang3\3.3.2\commons-lang3-3.3.2.jar;C:\Users\Xiaomi\.m2\repository\org\junit\jupiter\junit-jupiter-api\5.7.0\junit-jupiter-api-5.7.0.jar;C:\Users\Xiaomi\.m2\repository\org\apiguardian\apiguardian-api\1.1.0\apiguardian-api-1.1.0.jar;C:\Users\Xiaomi\.m2\repository\org\opentest4j\opentest4j\1.2.0\opentest4j-1.2.0.jar;C:\Users\Xiaomi\.m2\repository\org\junit\platform\junit-platform-commons\1.7.0\junit-platform-commons-1.7.0.jar;C:\Users\Xiaomi\.m2\repository\org\glassfish\jersey\containers\jersey-container-servlet\3.0.0\jersey-container-servlet-3.0.0.jar;C:\Users\Xiaomi\.m2\repository\org\glassfish\jersey\containers\jersey-container-servlet-core\3.0.0\jersey-container-servlet-core-3.0.0.jar;C:\Users\Xiaomi\.m2\repository\jakarta\inject\jakarta.inject-api\2.0.0\jakarta.inject-api-2.0.0.jar;C:\Users\Xiaomi\.m2\repository\org\glassfish\jersey\core\jersey-common\3.0.0\jersey-common-3.0.0.jar;C:\Users\Xiaomi\.m2\repository\jakarta\annotation\jakarta.annotation-api\2.0.0\jakarta.annotation-api-2.0.0.jar;C:\Users\Xiaomi\.m2\repository\com\sun\activation\jakarta.activation\2.0.0\jakarta.activation-2.0.0.jar;C:\Users\Xiaomi\.m2\repository\org\glassfish\hk2\osgi-resource-locator\1.0.3\osgi-resource-locator-1.0.3.jar;C:\Users\Xiaomi\.m2\repository\org\glassfish\jersey\core\jersey-server\3.0.0\jersey-server-3.0.0.jar;C:\Users\Xiaomi\.m2\repository\org\glassfish\jersey\core\jersey-client\3.0.0\jersey-client-3.0.0.jar;C:\Users\Xiaomi\.m2\repository\org\glassfish\jersey\media\jersey-media-jaxb\3.0.0\jersey-media-jaxb-3.0.0.jar;C:\Users\Xiaomi\.m2\repository\jakarta\validation\jakarta.validation-api\3.0.0\jakarta.validation-api-3.0.0.jar;C:\Users\Xiaomi\.m2\repository\jakarta\xml\bind\jakarta.xml.bind-api\3.0.0\jakarta.xml.bind-api-3.0.0.jar;C:\Users\Xiaomi\.m2\repository\jakarta\ws\rs\jakarta.ws.rs-api\3.0.0\jakarta.ws.rs-api-3.0.0.jar;C:\Users\Xiaomi\.m2\repository\org\glassfish\jersey\inject\jersey-hk2\3.0.0\jersey-hk2-3.0.0.jar;C:\Users\Xiaomi\.m2\repository\org\glassfish\hk2\hk2-locator\3.0.0-RC1\hk2-locator-3.0.0-RC1.jar;C:\Users\Xiaomi\.m2\repository\org\glassfish\hk2\external\aopalliance-repackaged\3.0.0-RC1\aopalliance-repackaged-3.0.0-RC1.jar;C:\Users\Xiaomi\.m2\repository\org\glassfish\hk2\hk2-api\3.0.0-RC1\hk2-api-3.0.0-RC1.jar;C:\Users\Xiaomi\.m2\repository\org\glassfish\hk2\hk2-utils\3.0.0-RC1\hk2-utils-3.0.0-RC1.jar;C:\Users\Xiaomi\.m2\repository\org\javassist\javassist\3.25.0-GA\javassist-3.25.0-GA.jar;C:\Users\Xiaomi\.m2\repository\org\mockito\mockito-core\3.6.28\mockito-core-3.6.28.jar;C:\Users\Xiaomi\.m2\repository\net\bytebuddy\byte-buddy\1.10.18\byte-buddy-1.10.18.jar;C:\Users\Xiaomi\.m2\repository\net\bytebuddy\byte-buddy-agent\1.10.18\byte-buddy-agent-1.10.18.jar;C:\Users\Xiaomi\.m2\repository\org\objenesis\objenesis\3.1\objenesis-3.1.jar;"/>
    <property name="sun.cpu.endian" value="little"/>
    <property name="user.home" value="C:\Users\Xiaomi"/>
    <property name="user.language" value="ru"/>
    <property name="java.specification.vendor" value="Oracle Corporation"/>
    <property name="java.version.date" value="2020-09-15"/>
    <property name="java.home" value="C:\Users\Xiaomi\.jdks\openjdk-15"/>
    <property name="file.separator" value="\"/>
    <property name="basedir" value="C:\Users\Xiaomi\IdeaProjects\Laba1_Java"/>
    <property name="java.vm.compressedOopsMode" value="Zero based"/>
    <property name="line.separator" value="&#10;"/>
    <property name="java.vm.specification.vendor" value="Oracle Corporation"/>
    <property name="java.specification.name" value="Java Platform API Specification"/>
    <property name="surefire.real.class.path" value="C:\Users\Xiaomi\AppData\Local\Temp\surefire1513750871851540681\surefirebooter7593289414404117597.jar"/>
    <property name="databaseSchema" value="MY_TEST_SCHEMA_4"/>
    <property name="user.script" value=""/>
    <property name="sun.management.compiler" value="HotSpot 64-Bit Tiered Compilers"/>
    <property name="java.runtime.version" value="15+36-1562"/>
    <property name="user.name" value="Xiaomi"/>
    <property name="path.separator" value=";"/>
    <property name="os.version" value="10.0"/>
    <property name="java.runtime.name" value="OpenJDK Runtime Environment"/>
    <property name="file.encoding" value="Cp1251"/>
    <property name="java.vm.name" value="OpenJDK 64-Bit Server VM"/>
    <property name="localRepository" value="C:\Users\Xiaomi\.m2\repository"/>
    <property name="java.vendor.url.bug" value="https://bugreport.java.com/bugreport/"/>
    <property name="java.io.tmpdir" value="C:\Users\Xiaomi\AppData\Local\Temp\"/>
    <property name="idea.version" value="2020.3"/>
    <property name="java.version" value="15"/>
    <property name="user.dir" value="C:\Users\Xiaomi\IdeaProjects\Laba1_Java\FORK_DIRECTORY_4"/>
    <property name="os.arch" value="amd64"/>
    <property name="java.vm.specification.name" value="Java Virtual Machine Specification"/>
    <property name="sun.os.patch.level" value=""/>
    <property name="java.library.path" value="C:\Users\Xiaomi\.jdks\openjdk-15\bin;C:\WINDOWS\Sun\Java\bin;C:\WINDOWS\system32;C:\WINDOWS;C:\WINDOWS\system32;C:\WINDOWS;C:\WINDOWS\System32\Wbem;C:\WINDOWS\System32\WindowsPowerShell\v1.0\;C:\WINDOWS\System32\OpenSSH\;C:\Program Files\Intel\WiFi\bin\;C:\Program Files\Common Files\Intel\WirelessCommon\;C:\composer;C:\Program Files\nodejs\;C:\Program Files\Git\cmd;C:\Program Files\apache-maven-3.6.3\bin;C:\Users\Xiaomi\AppData\Local\Microsoft\WindowsApps;C:\Program Files\Intel\WiFi\bin\;C:\Program Files\Common Files\Intel\WirelessCommon\;C:\Users\Xiaomi\AppData\Local\Programs\Microsoft VS Code\bin;C:\Programs\IntelliJ IDEA 2020.2.2\bin;;C:\Programs\PyCharm 2020.2.1\bin;;C:\Programs\PhpStorm 2020.2.1\bin;;C:\Bitnami\wampstack-7.4.10-0\php;C:\Users\Xiaomi\AppData\Roaming\Composer\vendor\bin;C:\Users\Xiaomi\AppData\Roaming\npm;."/>
    <property name="java.vm.info" value="mixed mode, sharing"/>
    <property name="java.vendor" value="Oracle Corporation"/>
    <property name="java.vm.version" value="15+36-1562"/>
    <property name="sun.io.unicode.encoding" value="UnicodeLittle"/>
    <property name="java.class.version" value="59.0"/>
  </properties>
  <testcase name="mapOfPlanes" classname="unit.NavyTest" time="0.718"/>
  <testcase name="getHowManyPlanes_MAGNESIUM" classname="unit.NavyTest" time="0.011"/>
  <testcase name="getAllSpeedPlanes_MAGNESIUM" classname="unit.NavyTest" time="0.001"/>
  <testcase name="getAllSpeedPlanes_ALLOY" classname="unit.NavyTest" time="0.001"/>
  <testcase name="getAllPlanes_ALLOY_NO_NULL" classname="unit.NavyTest" time="0.002"/>
  <testcase name="getAllSpeedPlanes_STEEL_ALLOYS" classname="unit.NavyTest" time="0.001"/>
  <testcase name="getAllPlanes_STEEL_ALLOYS_NO_NULL" classname="unit.NavyTest" time="0"/>
  <testcase name="getAllPlanes_ALLUMINIUM_NO_NULL" classname="unit.NavyTest" time="0"/>
  <testcase name="getAllPlanes_ALLOY" classname="unit.NavyTest" time="0.001"/>
  <testcase name="getAllSpeedPlanes_ALUMINUM" classname="unit.NavyTest" time="0.001"/>
  <testcase name="getAllPlanes_TITANIUM_NO_NULL" classname="unit.NavyTest" time="0.001"/>
  <testcase name="getAllSpeedPlanes_REINFORCED_PLASTIC" classname="unit.NavyTest" time="0.001"/>
  <testcase name="getAllPlanes_REINFORCED_PLASTIC_NO_NULL" classname="unit.NavyTest" time="0.001"/>
  <testcase name="getAllSpeedPlanes_TITANIUM" classname="unit.NavyTest" time="0.002"/>
  <testcase name="getAllPlanes" classname="unit.NavyTest" time="0.001"/>
  <testcase name="getHowManyPlanes_STEEL_ALLOYS" classname="unit.NavyTest" time="0.001"/>
  <testcase name="getHowManyPlanes_ALUMINUM" classname="unit.NavyTest" time="0.002"/>
  <testcase name="getHowManyPlanes" classname="unit.NavyTest" time="0.001"/>
  <testcase name="maxSpeed" classname="unit.NavyTest" time="0.002"/>
  <testcase name="getHowManyPlanes_TITANIUM" classname="unit.NavyTest" time="0.001"/>
  <testcase name="getHowManyPlanes_ALLOY" classname="unit.NavyTest" time="0.001"/>
  <testcase name="getAllSpeedPlanes_TRANPARENT_PLASTIC" classname="unit.NavyTest" time="0.001"/>
  <testcase name="getAllSpeedPlanes" classname="unit.NavyTest" time="0.001"/>
  <testcase name="getHowManyPlanes_TRANSPARENT_PLASTIC" classname="unit.NavyTest" time="0.001"/>
  <testcase name="getAllPlanes_NO_NULL" classname="unit.NavyTest" time="0.001"/>
  <testcase name="searchAndCount" classname="unit.NavyTest" time="0.002"/>
  <testcase name="averageSpeed" classname="unit.NavyTest" time="0.002"/>
  <testcase name="getHowManyPlanes_REINFORCED_PLASTIC" classname="unit.NavyTest" time="0"/>
  <testcase name="getAllPlanes_TRANSPARENT_PLASTIC_NO_NULL" classname="unit.NavyTest" time="0.001"/>
  <testcase name="getAllPlanes_MAGNESIUM_NO_NULL" classname="unit.NavyTest" time="0.001"/>
</testsuite>